[INFO  - 2017-08-04T08:23:09.340Z] GhostDriver - Main - running on port 7701
[INFO  - 2017-08-04T08:23:09.787Z] Session [2646e760-78ee-11e7-83b1-9dd8e11e781b] - page.settings - {"XSSAuditingEnabled":false,"javascriptCanCloseWindows":true,"javascriptCanOpenWindows":true,"javascriptEnabled":true,"loadImages":true,"localToRemoteUrlAccessEnabled":false,"userAgent":"Mozilla/5.0 (Windows NT 6.1; WOW64) AppleWebKit/538.1 (KHTML, like Gecko) PhantomJS/2.1.1 Safari/538.1","webSecurityEnabled":true}
[INFO  - 2017-08-04T08:23:09.787Z] Session [2646e760-78ee-11e7-83b1-9dd8e11e781b] - page.customHeaders:  - {}
[INFO  - 2017-08-04T08:23:09.787Z] Session [2646e760-78ee-11e7-83b1-9dd8e11e781b] - Session.negotiatedCapabilities - {"browserName":"phantomjs","version":"2.1.1","driverName":"ghostdriver","driverVersion":"1.2.0","platform":"windows-7-32bit","javascriptEnabled":true,"takesScreenshot":true,"handlesAlerts":false,"databaseEnabled":false,"locationContextEnabled":false,"applicationCacheEnabled":false,"browserConnectionEnabled":false,"cssSelectorsEnabled":true,"webStorageEnabled":false,"rotatable":false,"acceptSslCerts":false,"nativeEvents":true,"proxy":{"proxyType":"direct"}}
[INFO  - 2017-08-04T08:23:09.787Z] SessionManagerReqHand - _postNewSessionCommand - New Session Created: 2646e760-78ee-11e7-83b1-9dd8e11e781b
[INFO  - 2017-08-04T08:23:10.348Z] ShutdownReqHand - _handle - About to shutdown
[INFO  - 2017-08-04T08:36:23.664Z] GhostDriver - Main - running on port 42308
[INFO  - 2017-08-04T08:36:23.891Z] Session [ff998ee0-78ef-11e7-9b4c-17d268ddef28] - page.settings - {"XSSAuditingEnabled":false,"javascriptCanCloseWindows":true,"javascriptCanOpenWindows":true,"javascriptEnabled":true,"loadImages":true,"localToRemoteUrlAccessEnabled":false,"userAgent":"Mozilla/5.0 (Windows NT 6.1; WOW64) AppleWebKit/538.1 (KHTML, like Gecko) PhantomJS/2.1.1 Safari/538.1","webSecurityEnabled":true}
[INFO  - 2017-08-04T08:36:23.891Z] Session [ff998ee0-78ef-11e7-9b4c-17d268ddef28] - page.customHeaders:  - {}
[INFO  - 2017-08-04T08:36:23.891Z] Session [ff998ee0-78ef-11e7-9b4c-17d268ddef28] - Session.negotiatedCapabilities - {"browserName":"phantomjs","version":"2.1.1","driverName":"ghostdriver","driverVersion":"1.2.0","platform":"windows-7-32bit","javascriptEnabled":true,"takesScreenshot":true,"handlesAlerts":false,"databaseEnabled":false,"locationContextEnabled":false,"applicationCacheEnabled":false,"browserConnectionEnabled":false,"cssSelectorsEnabled":true,"webStorageEnabled":false,"rotatable":false,"acceptSslCerts":false,"nativeEvents":true,"proxy":{"proxyType":"direct"}}
[INFO  - 2017-08-04T08:36:23.892Z] SessionManagerReqHand - _postNewSessionCommand - New Session Created: ff998ee0-78ef-11e7-9b4c-17d268ddef28
[INFO  - 2017-08-04T08:36:24.306Z] ShutdownReqHand - _handle - About to shutdown
[INFO  - 2017-08-04T08:38:36.089Z] GhostDriver - Main - running on port 45515
[INFO  - 2017-08-04T08:38:36.401Z] Session [4e94fac0-78f0-11e7-9288-65c7549ee4de] - page.settings - {"XSSAuditingEnabled":false,"javascriptCanCloseWindows":true,"javascriptCanOpenWindows":true,"javascriptEnabled":true,"loadImages":true,"localToRemoteUrlAccessEnabled":false,"userAgent":"Mozilla/5.0 (Windows NT 6.1; WOW64) AppleWebKit/538.1 (KHTML, like Gecko) PhantomJS/2.1.1 Safari/538.1","webSecurityEnabled":true}
[INFO  - 2017-08-04T08:38:36.402Z] Session [4e94fac0-78f0-11e7-9288-65c7549ee4de] - page.customHeaders:  - {}
[INFO  - 2017-08-04T08:38:36.402Z] Session [4e94fac0-78f0-11e7-9288-65c7549ee4de] - Session.negotiatedCapabilities - {"browserName":"phantomjs","version":"2.1.1","driverName":"ghostdriver","driverVersion":"1.2.0","platform":"windows-7-32bit","javascriptEnabled":true,"takesScreenshot":true,"handlesAlerts":false,"databaseEnabled":false,"locationContextEnabled":false,"applicationCacheEnabled":false,"browserConnectionEnabled":false,"cssSelectorsEnabled":true,"webStorageEnabled":false,"rotatable":false,"acceptSslCerts":false,"nativeEvents":true,"proxy":{"proxyType":"direct"}}
[INFO  - 2017-08-04T08:38:36.402Z] SessionManagerReqHand - _postNewSessionCommand - New Session Created: 4e94fac0-78f0-11e7-9288-65c7549ee4de
[INFO  - 2017-08-04T08:38:36.817Z] ShutdownReqHand - _handle - About to shutdown
[INFO  - 2017-08-04T08:45:08.712Z] GhostDriver - Main - running on port 23336
[INFO  - 2017-08-04T08:45:08.998Z] Session [38968710-78f1-11e7-80d1-39ad3b910777] - page.settings - {"XSSAuditingEnabled":false,"javascriptCanCloseWindows":true,"javascriptCanOpenWindows":true,"javascriptEnabled":true,"loadImages":true,"localToRemoteUrlAccessEnabled":false,"userAgent":"Mozilla/5.0 (Windows NT 6.1; WOW64) AppleWebKit/538.1 (KHTML, like Gecko) PhantomJS/2.1.1 Safari/538.1","webSecurityEnabled":true}
[INFO  - 2017-08-04T08:45:08.998Z] Session [38968710-78f1-11e7-80d1-39ad3b910777] - page.customHeaders:  - {}
[INFO  - 2017-08-04T08:45:08.998Z] Session [38968710-78f1-11e7-80d1-39ad3b910777] - Session.negotiatedCapabilities - {"browserName":"phantomjs","version":"2.1.1","driverName":"ghostdriver","driverVersion":"1.2.0","platform":"windows-7-32bit","javascriptEnabled":true,"takesScreenshot":true,"handlesAlerts":false,"databaseEnabled":false,"locationContextEnabled":false,"applicationCacheEnabled":false,"browserConnectionEnabled":false,"cssSelectorsEnabled":true,"webStorageEnabled":false,"rotatable":false,"acceptSslCerts":false,"nativeEvents":true,"proxy":{"proxyType":"direct"}}
[INFO  - 2017-08-04T08:45:08.998Z] SessionManagerReqHand - _postNewSessionCommand - New Session Created: 38968710-78f1-11e7-80d1-39ad3b910777
[INFO  - 2017-08-04T08:45:09.418Z] ShutdownReqHand - _handle - About to shutdown
[INFO  - 2017-08-04T10:05:36.994Z] GhostDriver - Main - running on port 16260
[INFO  - 2017-08-04T10:05:37.418Z] Session [768cf350-78fc-11e7-8664-e542d5e08f19] - page.settings - {"XSSAuditingEnabled":false,"javascriptCanCloseWindows":true,"javascriptCanOpenWindows":true,"javascriptEnabled":true,"loadImages":true,"localToRemoteUrlAccessEnabled":false,"userAgent":"Mozilla/5.0 (Windows NT 6.1; WOW64) AppleWebKit/538.1 (KHTML, like Gecko) PhantomJS/2.1.1 Safari/538.1","webSecurityEnabled":true}
[INFO  - 2017-08-04T10:05:37.418Z] Session [768cf350-78fc-11e7-8664-e542d5e08f19] - page.customHeaders:  - {}
[INFO  - 2017-08-04T10:05:37.418Z] Session [768cf350-78fc-11e7-8664-e542d5e08f19] - Session.negotiatedCapabilities - {"browserName":"phantomjs","version":"2.1.1","driverName":"ghostdriver","driverVersion":"1.2.0","platform":"windows-7-32bit","javascriptEnabled":true,"takesScreenshot":true,"handlesAlerts":false,"databaseEnabled":false,"locationContextEnabled":false,"applicationCacheEnabled":false,"browserConnectionEnabled":false,"cssSelectorsEnabled":true,"webStorageEnabled":false,"rotatable":false,"acceptSslCerts":false,"nativeEvents":true,"proxy":{"proxyType":"direct"}}
[INFO  - 2017-08-04T10:05:37.419Z] SessionManagerReqHand - _postNewSessionCommand - New Session Created: 768cf350-78fc-11e7-8664-e542d5e08f19
[INFO  - 2017-08-04T10:05:37.869Z] ShutdownReqHand - _handle - About to shutdown
[INFO  - 2017-08-04T10:06:38.929Z] GhostDriver - Main - running on port 26469
[INFO  - 2017-08-04T10:06:39.652Z] Session [9ba51af0-78fc-11e7-ad3a-d75b21b552e2] - page.settings - {"XSSAuditingEnabled":false,"javascriptCanCloseWindows":true,"javascriptCanOpenWindows":true,"javascriptEnabled":true,"loadImages":true,"localToRemoteUrlAccessEnabled":false,"userAgent":"Mozilla/5.0 (Windows NT 6.1; WOW64) AppleWebKit/538.1 (KHTML, like Gecko) PhantomJS/2.1.1 Safari/538.1","webSecurityEnabled":true}
[INFO  - 2017-08-04T10:06:39.652Z] Session [9ba51af0-78fc-11e7-ad3a-d75b21b552e2] - page.customHeaders:  - {}
[INFO  - 2017-08-04T10:06:39.652Z] Session [9ba51af0-78fc-11e7-ad3a-d75b21b552e2] - Session.negotiatedCapabilities - {"browserName":"phantomjs","version":"2.1.1","driverName":"ghostdriver","driverVersion":"1.2.0","platform":"windows-7-32bit","javascriptEnabled":true,"takesScreenshot":true,"handlesAlerts":false,"databaseEnabled":false,"locationContextEnabled":false,"applicationCacheEnabled":false,"browserConnectionEnabled":false,"cssSelectorsEnabled":true,"webStorageEnabled":false,"rotatable":false,"acceptSslCerts":false,"nativeEvents":true,"proxy":{"proxyType":"direct"}}
[INFO  - 2017-08-04T10:06:39.653Z] SessionManagerReqHand - _postNewSessionCommand - New Session Created: 9ba51af0-78fc-11e7-ad3a-d75b21b552e2
[INFO  - 2017-08-04T10:06:40.079Z] ShutdownReqHand - _handle - About to shutdown
[INFO  - 2017-08-04T10:09:13.429Z] GhostDriver - Main - running on port 4778
[INFO  - 2017-08-04T10:09:14.189Z] Session [f7c19480-78fc-11e7-8793-6f744b8a668e] - page.settings - {"XSSAuditingEnabled":false,"javascriptCanCloseWindows":true,"javascriptCanOpenWindows":true,"javascriptEnabled":true,"loadImages":true,"localToRemoteUrlAccessEnabled":false,"userAgent":"Mozilla/5.0 (Windows NT 6.1; WOW64) AppleWebKit/538.1 (KHTML, like Gecko) PhantomJS/2.1.1 Safari/538.1","webSecurityEnabled":true}
[INFO  - 2017-08-04T10:09:14.189Z] Session [f7c19480-78fc-11e7-8793-6f744b8a668e] - page.customHeaders:  - {}
[INFO  - 2017-08-04T10:09:14.189Z] Session [f7c19480-78fc-11e7-8793-6f744b8a668e] - Session.negotiatedCapabilities - {"browserName":"phantomjs","version":"2.1.1","driverName":"ghostdriver","driverVersion":"1.2.0","platform":"windows-7-32bit","javascriptEnabled":true,"takesScreenshot":true,"handlesAlerts":false,"databaseEnabled":false,"locationContextEnabled":false,"applicationCacheEnabled":false,"browserConnectionEnabled":false,"cssSelectorsEnabled":true,"webStorageEnabled":false,"rotatable":false,"acceptSslCerts":false,"nativeEvents":true,"proxy":{"proxyType":"direct"}}
[INFO  - 2017-08-04T10:09:14.189Z] SessionManagerReqHand - _postNewSessionCommand - New Session Created: f7c19480-78fc-11e7-8793-6f744b8a668e
[INFO  - 2017-08-04T10:09:14.606Z] ShutdownReqHand - _handle - About to shutdown
[INFO  - 2017-08-04T10:10:27.777Z] GhostDriver - Main - running on port 37178
[INFO  - 2017-08-04T10:10:28.065Z] Session [23ca29c0-78fd-11e7-85c6-4100afafb7de] - page.settings - {"XSSAuditingEnabled":false,"javascriptCanCloseWindows":true,"javascriptCanOpenWindows":true,"javascriptEnabled":true,"loadImages":true,"localToRemoteUrlAccessEnabled":false,"userAgent":"Mozilla/5.0 (Windows NT 6.1; WOW64) AppleWebKit/538.1 (KHTML, like Gecko) PhantomJS/2.1.1 Safari/538.1","webSecurityEnabled":true}
[INFO  - 2017-08-04T10:10:28.065Z] Session [23ca29c0-78fd-11e7-85c6-4100afafb7de] - page.customHeaders:  - {}
[INFO  - 2017-08-04T10:10:28.065Z] Session [23ca29c0-78fd-11e7-85c6-4100afafb7de] - Session.negotiatedCapabilities - {"browserName":"phantomjs","version":"2.1.1","driverName":"ghostdriver","driverVersion":"1.2.0","platform":"windows-7-32bit","javascriptEnabled":true,"takesScreenshot":true,"handlesAlerts":false,"databaseEnabled":false,"locationContextEnabled":false,"applicationCacheEnabled":false,"browserConnectionEnabled":false,"cssSelectorsEnabled":true,"webStorageEnabled":false,"rotatable":false,"acceptSslCerts":false,"nativeEvents":true,"proxy":{"proxyType":"direct"}}
[INFO  - 2017-08-04T10:10:28.065Z] SessionManagerReqHand - _postNewSessionCommand - New Session Created: 23ca29c0-78fd-11e7-85c6-4100afafb7de
[INFO  - 2017-08-04T10:10:28.481Z] ShutdownReqHand - _handle - About to shutdown
[INFO  - 2017-08-04T16:22:30.029Z] GhostDriver - Main - running on port 16303
[INFO  - 2017-08-04T16:22:30.948Z] Session [1d43f200-7931-11e7-aaed-ff2f9c0894bd] - page.settings - {"XSSAuditingEnabled":false,"javascriptCanCloseWindows":true,"javascriptCanOpenWindows":true,"javascriptEnabled":true,"loadImages":true,"localToRemoteUrlAccessEnabled":false,"userAgent":"Mozilla/5.0 (Windows NT 6.2; WOW64) AppleWebKit/538.1 (KHTML, like Gecko) PhantomJS/2.1.1 Safari/538.1","webSecurityEnabled":true}
[INFO  - 2017-08-04T16:22:30.948Z] Session [1d43f200-7931-11e7-aaed-ff2f9c0894bd] - page.customHeaders:  - {}
[INFO  - 2017-08-04T16:22:30.948Z] Session [1d43f200-7931-11e7-aaed-ff2f9c0894bd] - Session.negotiatedCapabilities - {"browserName":"phantomjs","version":"2.1.1","driverName":"ghostdriver","driverVersion":"1.2.0","platform":"windows-10-32bit","javascriptEnabled":true,"takesScreenshot":true,"handlesAlerts":false,"databaseEnabled":false,"locationContextEnabled":false,"applicationCacheEnabled":false,"browserConnectionEnabled":false,"cssSelectorsEnabled":true,"webStorageEnabled":false,"rotatable":false,"acceptSslCerts":false,"nativeEvents":true,"proxy":{"proxyType":"direct"}}
[INFO  - 2017-08-04T16:22:30.949Z] SessionManagerReqHand - _postNewSessionCommand - New Session Created: 1d43f200-7931-11e7-aaed-ff2f9c0894bd
[INFO  - 2017-08-04T16:22:31.242Z] ShutdownReqHand - _handle - About to shutdown
